2022-10-06 20:50:59,824 INFO org.springframework.boot.StartupInfoLogger [main] Starting MyprojectApplication using Java 19 on PHAMs-MacBook-Pro.local with PID 1341 (/Users/tuanpn/IdeaProjects/myproject/target/classes started by tuanpn in /Users/tuanpn/IdeaProjects/myproject)
2022-10-06 20:50:59,825 DEBUG org.springframework.boot.StartupInfoLogger [main] Running with Spring Boot v2.7.4, Spring v5.3.23
2022-10-06 20:50:59,825 INFO org.springframework.boot.SpringApplication [main] No active profile set, falling back to 1 default profile: "default"
2022-10-06 20:51:00,124 INFO org.springframework.boot.web.embedded.tomcat.TomcatWebServer [main] Tomcat initialized with port(s): 8080 (http)
2022-10-06 20:51:00,127 INFO org.apache.juli.logging.DirectJDKLog [main] Initializing ProtocolHandler ["http-nio-8080"]
2022-10-06 20:51:00,127 INFO org.apache.juli.logging.DirectJDKLog [main] Starting service [Tomcat]
2022-10-06 20:51:00,127 INFO org.apache.juli.logging.DirectJDKLog [main] Starting Servlet engine: [Apache Tomcat/9.0.65]
2022-10-06 20:51:00,153 INFO org.apache.juli.logging.DirectJDKLog [main] Initializing Spring embedded WebApplicationContext
2022-10-06 20:51:00,153 INFO org.springframework.boot.web.servlet.context.ServletWebServerApplicationContext [main] Root WebApplicationContext: initialization completed in 312 ms
2022-10-06 20:51:00,256 INFO org.apache.juli.logging.DirectJDKLog [main] Starting ProtocolHandler ["http-nio-8080"]
2022-10-06 20:51:00,268 INFO org.springframework.boot.web.embedded.tomcat.TomcatWebServer [main] Tomcat started on port(s): 8080 (http) with context path ''
2022-10-06 20:51:00,272 INFO org.springframework.boot.StartupInfoLogger [main] Started MyprojectApplication in 0.584 seconds (JVM running for 5.87)
2022-10-06 20:51:00,283 INFO org.quartz.impl.StdSchedulerFactory [main] Using default implementation for ThreadExecutor
2022-10-06 20:51:00,284 INFO org.quartz.simpl.SimpleThreadPool [main] Job execution threads will use class loader of thread: main
2022-10-06 20:51:00,286 INFO org.quartz.core.SchedulerSignalerImpl [main] Initialized Scheduler Signaller of type: class org.quartz.core.SchedulerSignalerImpl
2022-10-06 20:51:00,286 INFO org.quartz.core.QuartzScheduler [main] Quartz Scheduler v.2.3.2 created.
2022-10-06 20:51:00,286 INFO org.quartz.simpl.RAMJobStore [main] RAMJobStore initialized.
2022-10-06 20:51:00,287 INFO org.quartz.core.QuartzScheduler [main] Scheduler meta-data: Quartz Scheduler (v2.3.2) 'DefaultQuartzScheduler' with instanceId 'NON_CLUSTERED'
  Scheduler class: 'org.quartz.core.QuartzScheduler' - running locally.
  NOT STARTED.
  Currently in standby mode.
  Number of jobs executed: 0
  Using thread pool 'org.quartz.simpl.SimpleThreadPool' - with 10 threads.
  Using job-store 'org.quartz.simpl.RAMJobStore' - which does not support persistence. and is not clustered.

2022-10-06 20:51:00,287 INFO org.quartz.impl.StdSchedulerFactory [main] Quartz scheduler 'DefaultQuartzScheduler' initialized from default resource file in Quartz package: 'quartz.properties'
2022-10-06 20:51:00,287 INFO org.quartz.impl.StdSchedulerFactory [main] Quartz scheduler version: 2.3.2
2022-10-06 20:51:00,287 INFO org.quartz.core.QuartzScheduler [main] Scheduler DefaultQuartzScheduler_$_NON_CLUSTERED started.
2022-10-06 20:51:43,477 INFO org.springframework.boot.StartupInfoLogger [main] Starting MyprojectApplication using Java 19 on PHAMs-MacBook-Pro.local with PID 1363 (/Users/tuanpn/IdeaProjects/myproject/target/classes started by tuanpn in /Users/tuanpn/IdeaProjects/myproject)
2022-10-06 20:51:43,478 DEBUG org.springframework.boot.StartupInfoLogger [main] Running with Spring Boot v2.7.4, Spring v5.3.23
2022-10-06 20:51:43,478 INFO org.springframework.boot.SpringApplication [main] No active profile set, falling back to 1 default profile: "default"
2022-10-06 20:51:43,766 INFO org.springframework.boot.web.embedded.tomcat.TomcatWebServer [main] Tomcat initialized with port(s): 8080 (http)
2022-10-06 20:51:43,769 INFO org.apache.juli.logging.DirectJDKLog [main] Initializing ProtocolHandler ["http-nio-8080"]
2022-10-06 20:51:43,770 INFO org.apache.juli.logging.DirectJDKLog [main] Starting service [Tomcat]
2022-10-06 20:51:43,770 INFO org.apache.juli.logging.DirectJDKLog [main] Starting Servlet engine: [Apache Tomcat/9.0.65]
2022-10-06 20:51:43,795 INFO org.apache.juli.logging.DirectJDKLog [main] Initializing Spring embedded WebApplicationContext
2022-10-06 20:51:43,795 INFO org.springframework.boot.web.servlet.context.ServletWebServerApplicationContext [main] Root WebApplicationContext: initialization completed in 301 ms
2022-10-06 20:51:43,899 INFO org.apache.juli.logging.DirectJDKLog [main] Starting ProtocolHandler ["http-nio-8080"]
2022-10-06 20:51:43,904 INFO org.springframework.boot.web.embedded.tomcat.TomcatWebServer [main] Tomcat started on port(s): 8080 (http) with context path ''
2022-10-06 20:51:43,908 INFO org.springframework.boot.StartupInfoLogger [main] Started MyprojectApplication in 0.558 seconds (JVM running for 5.836)
2022-10-06 20:56:54,256 INFO org.springframework.boot.StartupInfoLogger [main] Starting MyprojectApplication using Java 19 on PHAMs-MacBook-Pro.local with PID 1426 (/Users/tuanpn/IdeaProjects/myproject/target/classes started by tuanpn in /Users/tuanpn/IdeaProjects/myproject)
2022-10-06 20:56:54,257 DEBUG org.springframework.boot.StartupInfoLogger [main] Running with Spring Boot v2.7.4, Spring v5.3.23
2022-10-06 20:56:54,258 INFO org.springframework.boot.SpringApplication [main] No active profile set, falling back to 1 default profile: "default"
2022-10-06 20:56:54,415 WARN org.springframework.context.support.AbstractApplicationContext [main] Exception encountered during context initialization - cancelling refresh attempt: org.springframework.beans.factory.parsing.BeanDefinitionParsingException: Configuration problem: Failed to register bean definition with name 'testService'
Offending resource: class path resource [spring-config.xml]; nested exception is org.springframework.beans.factory.support.BeanDefinitionOverrideException: Invalid bean definition with name 'testService' defined in class path resource [spring-config.xml]: Cannot register bean definition [Generic bean: class [vn.bigthomas.myproject.test.quartz.TestService]; scope=; abstract=false; lazyInit=false; autowireMode=0; dependencyCheck=0; autowireCandidate=true; primary=false; factoryBeanName=null; factoryMethodName=null; initMethodName=null; destroyMethodName=null; defined in class path resource [spring-config.xml]] for bean 'testService': There is already [Generic bean: class [vn.bigthomas.myproject.test.quartz.TestService]; scope=singleton; abstract=false; lazyInit=null; autowireMode=0; dependencyCheck=0; autowireCandidate=true; primary=false; factoryBeanName=null; factoryMethodName=null; initMethodName=null; destroyMethodName=null; defined in file [/Users/tuanpn/IdeaProjects/myproject/target/classes/vn/bigthomas/myproject/test/quartz/TestService.class]] bound.
2022-10-06 20:56:54,419 INFO org.springframework.boot.autoconfigure.logging.ConditionEvaluationReportLoggingListener [main] 

Error starting ApplicationContext. To display the conditions report re-run your application with 'debug' enabled.
2022-10-06 20:56:54,425 ERROR org.springframework.boot.diagnostics.LoggingFailureAnalysisReporter [main] 

***************************
APPLICATION FAILED TO START
***************************

Description:

The bean 'testService', defined in class path resource [spring-config.xml], could not be registered. A bean with that name has already been defined in file [/Users/tuanpn/IdeaProjects/myproject/target/classes/vn/bigthomas/myproject/test/quartz/TestService.class] and overriding is disabled.

Action:

Consider renaming one of the beans or enabling overriding by setting spring.main.allow-bean-definition-overriding=true

2022-10-06 20:57:40,283 INFO org.springframework.boot.StartupInfoLogger [main] Starting MyprojectApplication using Java 19 on PHAMs-MacBook-Pro.local with PID 1431 (/Users/tuanpn/IdeaProjects/myproject/target/classes started by tuanpn in /Users/tuanpn/IdeaProjects/myproject)
2022-10-06 20:57:40,284 DEBUG org.springframework.boot.StartupInfoLogger [main] Running with Spring Boot v2.7.4, Spring v5.3.23
2022-10-06 20:57:40,284 INFO org.springframework.boot.SpringApplication [main] No active profile set, falling back to 1 default profile: "default"
2022-10-06 20:57:40,541 WARN org.springframework.context.support.AbstractApplicationContext [main] Exception encountered during context initialization - cancelling refresh attempt: org.springframework.context.ApplicationContextException: Unable to start web server; nested exception is org.springframework.beans.factory.BeanCreationException: Error creating bean with name 'org.springframework.scheduling.quartz.SchedulerFactoryBean#0': Lookup method resolution failed; nested exception is java.lang.IllegalStateException: Failed to introspect Class [org.springframework.scheduling.quartz.SchedulerAccessor] from ClassLoader [jdk.internal.loader.ClassLoaders$AppClassLoader@251a69d7]
2022-10-06 20:57:40,545 INFO org.springframework.boot.autoconfigure.logging.ConditionEvaluationReportLoggingListener [main] 

Error starting ApplicationContext. To display the conditions report re-run your application with 'debug' enabled.
2022-10-06 20:57:40,553 ERROR org.springframework.boot.SpringApplication [main] Application run failed
org.springframework.context.ApplicationContextException: Unable to start web server; nested exception is org.springframework.beans.factory.BeanCreationException: Error creating bean with name 'org.springframework.scheduling.quartz.SchedulerFactoryBean#0': Lookup method resolution failed; nested exception is java.lang.IllegalStateException: Failed to introspect Class [org.springframework.scheduling.quartz.SchedulerAccessor] from ClassLoader [jdk.internal.loader.ClassLoaders$AppClassLoader@251a69d7]
	at org.springframework.boot.web.servlet.context.ServletWebServerApplicationContext.onRefresh(ServletWebServerApplicationContext.java:165)
	at org.springframework.context.support.AbstractApplicationContext.refresh(AbstractApplicationContext.java:577)
	at org.springframework.boot.web.servlet.context.ServletWebServerApplicationContext.refresh(ServletWebServerApplicationContext.java:147)
	at org.springframework.boot.SpringApplication.refresh(SpringApplication.java:734)
	at org.springframework.boot.SpringApplication.refreshContext(SpringApplication.java:408)
	at org.springframework.boot.SpringApplication.run(SpringApplication.java:308)
	at org.springframework.boot.SpringApplication.run(SpringApplication.java:1306)
	at org.springframework.boot.SpringApplication.run(SpringApplication.java:1295)
	at vn.bigthomas.myproject.MyprojectApplication.main(MyprojectApplication.java:13)
Caused by: org.springframework.beans.factory.BeanCreationException: Error creating bean with name 'org.springframework.scheduling.quartz.SchedulerFactoryBean#0': Lookup method resolution failed; nested exception is java.lang.IllegalStateException: Failed to introspect Class [org.springframework.scheduling.quartz.SchedulerAccessor] from ClassLoader [jdk.internal.loader.ClassLoaders$AppClassLoader@251a69d7]
	at org.springframework.beans.factory.annotation.AutowiredAnnotationBeanPostProcessor.determineCandidateConstructors(AutowiredAnnotationBeanPostProcessor.java:289)
	at org.springframework.beans.factory.support.AbstractAutowireCapableBeanFactory.determineConstructorsFromBeanPostProcessors(AbstractAutowireCapableBeanFactory.java:1302)
	at org.springframework.beans.factory.support.AbstractAutowireCapableBeanFactory.createBeanInstance(AbstractAutowireCapableBeanFactory.java:1219)
	at org.springframework.beans.factory.support.AbstractAutowireCapableBeanFactory.getSingletonFactoryBeanForTypeCheck(AbstractAutowireCapableBeanFactory.java:1027)
	at org.springframework.beans.factory.support.AbstractAutowireCapableBeanFactory.getTypeForFactoryBean(AbstractAutowireCapableBeanFactory.java:907)
	at org.springframework.beans.factory.support.AbstractBeanFactory.isTypeMatch(AbstractBeanFactory.java:637)
	at org.springframework.beans.factory.support.DefaultListableBeanFactory.doGetBeanNamesForType(DefaultListableBeanFactory.java:583)
	at org.springframework.beans.factory.support.DefaultListableBeanFactory.getBeanNamesForType(DefaultListableBeanFactory.java:542)
	at org.springframework.beans.factory.support.DefaultListableBeanFactory.getBeanNamesForType(DefaultListableBeanFactory.java:536)
	at org.springframework.boot.web.servlet.context.ServletWebServerApplicationContext.getWebServerFactory(ServletWebServerApplicationContext.java:210)
	at org.springframework.boot.web.servlet.context.ServletWebServerApplicationContext.createWebServer(ServletWebServerApplicationContext.java:182)
	at org.springframework.boot.web.servlet.context.ServletWebServerApplicationContext.onRefresh(ServletWebServerApplicationContext.java:162)
	... 8 common frames omitted
Caused by: java.lang.IllegalStateException: Failed to introspect Class [org.springframework.scheduling.quartz.SchedulerAccessor] from ClassLoader [jdk.internal.loader.ClassLoaders$AppClassLoader@251a69d7]
	at org.springframework.util.ReflectionUtils.getDeclaredMethods(ReflectionUtils.java:485)
	at org.springframework.util.ReflectionUtils.doWithLocalMethods(ReflectionUtils.java:321)
	at org.springframework.beans.factory.annotation.AutowiredAnnotationBeanPostProcessor.determineCandidateConstructors(AutowiredAnnotationBeanPostProcessor.java:267)
	... 19 common frames omitted
Caused by: java.lang.NoClassDefFoundError: org/springframework/transaction/PlatformTransactionManager
	at java.base/java.lang.Class.getDeclaredMethods0(Native Method)
	at java.base/java.lang.Class.privateGetDeclaredMethods(Class.java:3458)
	at java.base/java.lang.Class.getDeclaredMethods(Class.java:2557)
	at org.springframework.util.ReflectionUtils.getDeclaredMethods(ReflectionUtils.java:467)
	... 21 common frames omitted
Caused by: java.lang.ClassNotFoundException: org.springframework.transaction.PlatformTransactionManager
	at java.base/jdk.internal.loader.BuiltinClassLoader.loadClass(BuiltinClassLoader.java:641)
	at java.base/jdk.internal.loader.ClassLoaders$AppClassLoader.loadClass(ClassLoaders.java:188)
	at java.base/java.lang.ClassLoader.loadClass(ClassLoader.java:521)
	... 25 common frames omitted
2022-10-06 20:58:11,417 INFO org.springframework.boot.StartupInfoLogger [main] Starting MyprojectApplication using Java 19 on PHAMs-MacBook-Pro.local with PID 1433 (/Users/tuanpn/IdeaProjects/myproject/target/classes started by tuanpn in /Users/tuanpn/IdeaProjects/myproject)
2022-10-06 20:58:11,418 DEBUG org.springframework.boot.StartupInfoLogger [main] Running with Spring Boot v2.7.4, Spring v5.3.23
2022-10-06 20:58:11,418 INFO org.springframework.boot.SpringApplication [main] No active profile set, falling back to 1 default profile: "default"
2022-10-06 20:58:11,670 WARN org.springframework.context.support.AbstractApplicationContext [main] Exception encountered during context initialization - cancelling refresh attempt: org.springframework.context.ApplicationContextException: Unable to start web server; nested exception is org.springframework.beans.factory.BeanCreationException: Error creating bean with name 'org.springframework.scheduling.quartz.SchedulerFactoryBean#0': Lookup method resolution failed; nested exception is java.lang.IllegalStateException: Failed to introspect Class [org.springframework.scheduling.quartz.SchedulerAccessor] from ClassLoader [jdk.internal.loader.ClassLoaders$AppClassLoader@251a69d7]
2022-10-06 20:58:11,673 INFO org.springframework.boot.autoconfigure.logging.ConditionEvaluationReportLoggingListener [main] 

Error starting ApplicationContext. To display the conditions report re-run your application with 'debug' enabled.
2022-10-06 20:58:11,680 ERROR org.springframework.boot.SpringApplication [main] Application run failed
org.springframework.context.ApplicationContextException: Unable to start web server; nested exception is org.springframework.beans.factory.BeanCreationException: Error creating bean with name 'org.springframework.scheduling.quartz.SchedulerFactoryBean#0': Lookup method resolution failed; nested exception is java.lang.IllegalStateException: Failed to introspect Class [org.springframework.scheduling.quartz.SchedulerAccessor] from ClassLoader [jdk.internal.loader.ClassLoaders$AppClassLoader@251a69d7]
	at org.springframework.boot.web.servlet.context.ServletWebServerApplicationContext.onRefresh(ServletWebServerApplicationContext.java:165)
	at org.springframework.context.support.AbstractApplicationContext.refresh(AbstractApplicationContext.java:577)
	at org.springframework.boot.web.servlet.context.ServletWebServerApplicationContext.refresh(ServletWebServerApplicationContext.java:147)
	at org.springframework.boot.SpringApplication.refresh(SpringApplication.java:734)
	at org.springframework.boot.SpringApplication.refreshContext(SpringApplication.java:408)
	at org.springframework.boot.SpringApplication.run(SpringApplication.java:308)
	at org.springframework.boot.SpringApplication.run(SpringApplication.java:1306)
	at org.springframework.boot.SpringApplication.run(SpringApplication.java:1295)
	at vn.bigthomas.myproject.MyprojectApplication.main(MyprojectApplication.java:13)
Caused by: org.springframework.beans.factory.BeanCreationException: Error creating bean with name 'org.springframework.scheduling.quartz.SchedulerFactoryBean#0': Lookup method resolution failed; nested exception is java.lang.IllegalStateException: Failed to introspect Class [org.springframework.scheduling.quartz.SchedulerAccessor] from ClassLoader [jdk.internal.loader.ClassLoaders$AppClassLoader@251a69d7]
	at org.springframework.beans.factory.annotation.AutowiredAnnotationBeanPostProcessor.determineCandidateConstructors(AutowiredAnnotationBeanPostProcessor.java:289)
	at org.springframework.beans.factory.support.AbstractAutowireCapableBeanFactory.determineConstructorsFromBeanPostProcessors(AbstractAutowireCapableBeanFactory.java:1302)
	at org.springframework.beans.factory.support.AbstractAutowireCapableBeanFactory.createBeanInstance(AbstractAutowireCapableBeanFactory.java:1219)
	at org.springframework.beans.factory.support.AbstractAutowireCapableBeanFactory.getSingletonFactoryBeanForTypeCheck(AbstractAutowireCapableBeanFactory.java:1027)
	at org.springframework.beans.factory.support.AbstractAutowireCapableBeanFactory.getTypeForFactoryBean(AbstractAutowireCapableBeanFactory.java:907)
	at org.springframework.beans.factory.support.AbstractBeanFactory.isTypeMatch(AbstractBeanFactory.java:637)
	at org.springframework.beans.factory.support.DefaultListableBeanFactory.doGetBeanNamesForType(DefaultListableBeanFactory.java:583)
	at org.springframework.beans.factory.support.DefaultListableBeanFactory.getBeanNamesForType(DefaultListableBeanFactory.java:542)
	at org.springframework.beans.factory.support.DefaultListableBeanFactory.getBeanNamesForType(DefaultListableBeanFactory.java:536)
	at org.springframework.boot.web.servlet.context.ServletWebServerApplicationContext.getWebServerFactory(ServletWebServerApplicationContext.java:210)
	at org.springframework.boot.web.servlet.context.ServletWebServerApplicationContext.createWebServer(ServletWebServerApplicationContext.java:182)
	at org.springframework.boot.web.servlet.context.ServletWebServerApplicationContext.onRefresh(ServletWebServerApplicationContext.java:162)
	... 8 common frames omitted
Caused by: java.lang.IllegalStateException: Failed to introspect Class [org.springframework.scheduling.quartz.SchedulerAccessor] from ClassLoader [jdk.internal.loader.ClassLoaders$AppClassLoader@251a69d7]
	at org.springframework.util.ReflectionUtils.getDeclaredMethods(ReflectionUtils.java:485)
	at org.springframework.util.ReflectionUtils.doWithLocalMethods(ReflectionUtils.java:321)
	at org.springframework.beans.factory.annotation.AutowiredAnnotationBeanPostProcessor.determineCandidateConstructors(AutowiredAnnotationBeanPostProcessor.java:267)
	... 19 common frames omitted
Caused by: java.lang.NoClassDefFoundError: org/springframework/transaction/PlatformTransactionManager
	at java.base/java.lang.Class.getDeclaredMethods0(Native Method)
	at java.base/java.lang.Class.privateGetDeclaredMethods(Class.java:3458)
	at java.base/java.lang.Class.getDeclaredMethods(Class.java:2557)
	at org.springframework.util.ReflectionUtils.getDeclaredMethods(ReflectionUtils.java:467)
	... 21 common frames omitted
Caused by: java.lang.ClassNotFoundException: org.springframework.transaction.PlatformTransactionManager
	at java.base/jdk.internal.loader.BuiltinClassLoader.loadClass(BuiltinClassLoader.java:641)
	at java.base/jdk.internal.loader.ClassLoaders$AppClassLoader.loadClass(ClassLoaders.java:188)
	at java.base/java.lang.ClassLoader.loadClass(ClassLoader.java:521)
	... 25 common frames omitted
2022-10-06 21:03:44,665 INFO org.springframework.boot.StartupInfoLogger [main] Starting MyprojectApplication using Java 19 on PHAMs-MacBook-Pro.local with PID 1461 (/Users/tuanpn/IdeaProjects/myproject/target/classes started by tuanpn in /Users/tuanpn/IdeaProjects/myproject)
2022-10-06 21:03:44,665 DEBUG org.springframework.boot.StartupInfoLogger [main] Running with Spring Boot v2.7.4, Spring v5.3.23
2022-10-06 21:03:44,666 INFO org.springframework.boot.SpringApplication [main] No active profile set, falling back to 1 default profile: "default"
2022-10-06 21:03:44,808 WARN org.springframework.context.support.AbstractApplicationContext [main] Exception encountered during context initialization - cancelling refresh attempt: org.springframework.beans.factory.parsing.BeanDefinitionParsingException: Configuration problem: Failed to register bean definition with name 'testService'
Offending resource: class path resource [spring-config.xml]; nested exception is org.springframework.beans.factory.support.BeanDefinitionOverrideException: Invalid bean definition with name 'testService' defined in class path resource [spring-config.xml]: Cannot register bean definition [Generic bean: class [vn.bigthomas.myproject.test.quartz.TestService]; scope=; abstract=false; lazyInit=false; autowireMode=0; dependencyCheck=0; autowireCandidate=true; primary=false; factoryBeanName=null; factoryMethodName=null; initMethodName=null; destroyMethodName=null; defined in class path resource [spring-config.xml]] for bean 'testService': There is already [Generic bean: class [vn.bigthomas.myproject.test.quartz.TestService]; scope=singleton; abstract=false; lazyInit=null; autowireMode=0; dependencyCheck=0; autowireCandidate=true; primary=false; factoryBeanName=null; factoryMethodName=null; initMethodName=null; destroyMethodName=null; defined in file [/Users/tuanpn/IdeaProjects/myproject/target/classes/vn/bigthomas/myproject/test/quartz/TestService.class]] bound.
2022-10-06 21:03:44,811 INFO org.springframework.boot.autoconfigure.logging.ConditionEvaluationReportLoggingListener [main] 

Error starting ApplicationContext. To display the conditions report re-run your application with 'debug' enabled.
2022-10-06 21:03:44,816 ERROR org.springframework.boot.diagnostics.LoggingFailureAnalysisReporter [main] 

***************************
APPLICATION FAILED TO START
***************************

Description:

The bean 'testService', defined in class path resource [spring-config.xml], could not be registered. A bean with that name has already been defined in file [/Users/tuanpn/IdeaProjects/myproject/target/classes/vn/bigthomas/myproject/test/quartz/TestService.class] and overriding is disabled.

Action:

Consider renaming one of the beans or enabling overriding by setting spring.main.allow-bean-definition-overriding=true

2022-10-06 21:04:25,655 INFO org.springframework.boot.StartupInfoLogger [main] Starting MyprojectApplication using Java 19 on PHAMs-MacBook-Pro.local with PID 1466 (/Users/tuanpn/IdeaProjects/myproject/target/classes started by tuanpn in /Users/tuanpn/IdeaProjects/myproject)
2022-10-06 21:04:25,656 DEBUG org.springframework.boot.StartupInfoLogger [main] Running with Spring Boot v2.7.4, Spring v5.3.23
2022-10-06 21:04:25,657 INFO org.springframework.boot.SpringApplication [main] No active profile set, falling back to 1 default profile: "default"
2022-10-06 21:04:25,912 WARN org.springframework.context.support.AbstractApplicationContext [main] Exception encountered during context initialization - cancelling refresh attempt: org.springframework.context.ApplicationContextException: Unable to start web server; nested exception is org.springframework.beans.factory.BeanCreationException: Error creating bean with name 'org.springframework.scheduling.quartz.SchedulerFactoryBean#0': Lookup method resolution failed; nested exception is java.lang.IllegalStateException: Failed to introspect Class [org.springframework.scheduling.quartz.SchedulerAccessor] from ClassLoader [jdk.internal.loader.ClassLoaders$AppClassLoader@251a69d7]
2022-10-06 21:04:25,915 INFO org.springframework.boot.autoconfigure.logging.ConditionEvaluationReportLoggingListener [main] 

Error starting ApplicationContext. To display the conditions report re-run your application with 'debug' enabled.
2022-10-06 21:04:25,922 ERROR org.springframework.boot.SpringApplication [main] Application run failed
org.springframework.context.ApplicationContextException: Unable to start web server; nested exception is org.springframework.beans.factory.BeanCreationException: Error creating bean with name 'org.springframework.scheduling.quartz.SchedulerFactoryBean#0': Lookup method resolution failed; nested exception is java.lang.IllegalStateException: Failed to introspect Class [org.springframework.scheduling.quartz.SchedulerAccessor] from ClassLoader [jdk.internal.loader.ClassLoaders$AppClassLoader@251a69d7]
	at org.springframework.boot.web.servlet.context.ServletWebServerApplicationContext.onRefresh(ServletWebServerApplicationContext.java:165)
	at org.springframework.context.support.AbstractApplicationContext.refresh(AbstractApplicationContext.java:577)
	at org.springframework.boot.web.servlet.context.ServletWebServerApplicationContext.refresh(ServletWebServerApplicationContext.java:147)
	at org.springframework.boot.SpringApplication.refresh(SpringApplication.java:734)
	at org.springframework.boot.SpringApplication.refreshContext(SpringApplication.java:408)
	at org.springframework.boot.SpringApplication.run(SpringApplication.java:308)
	at org.springframework.boot.SpringApplication.run(SpringApplication.java:1306)
	at org.springframework.boot.SpringApplication.run(SpringApplication.java:1295)
	at vn.bigthomas.myproject.MyprojectApplication.main(MyprojectApplication.java:13)
Caused by: org.springframework.beans.factory.BeanCreationException: Error creating bean with name 'org.springframework.scheduling.quartz.SchedulerFactoryBean#0': Lookup method resolution failed; nested exception is java.lang.IllegalStateException: Failed to introspect Class [org.springframework.scheduling.quartz.SchedulerAccessor] from ClassLoader [jdk.internal.loader.ClassLoaders$AppClassLoader@251a69d7]
	at org.springframework.beans.factory.annotation.AutowiredAnnotationBeanPostProcessor.determineCandidateConstructors(AutowiredAnnotationBeanPostProcessor.java:289)
	at org.springframework.beans.factory.support.AbstractAutowireCapableBeanFactory.determineConstructorsFromBeanPostProcessors(AbstractAutowireCapableBeanFactory.java:1302)
	at org.springframework.beans.factory.support.AbstractAutowireCapableBeanFactory.createBeanInstance(AbstractAutowireCapableBeanFactory.java:1219)
	at org.springframework.beans.factory.support.AbstractAutowireCapableBeanFactory.getSingletonFactoryBeanForTypeCheck(AbstractAutowireCapableBeanFactory.java:1027)
	at org.springframework.beans.factory.support.AbstractAutowireCapableBeanFactory.getTypeForFactoryBean(AbstractAutowireCapableBeanFactory.java:907)
	at org.springframework.beans.factory.support.AbstractBeanFactory.isTypeMatch(AbstractBeanFactory.java:637)
	at org.springframework.beans.factory.support.DefaultListableBeanFactory.doGetBeanNamesForType(DefaultListableBeanFactory.java:583)
	at org.springframework.beans.factory.support.DefaultListableBeanFactory.getBeanNamesForType(DefaultListableBeanFactory.java:542)
	at org.springframework.beans.factory.support.DefaultListableBeanFactory.getBeanNamesForType(DefaultListableBeanFactory.java:536)
	at org.springframework.boot.web.servlet.context.ServletWebServerApplicationContext.getWebServerFactory(ServletWebServerApplicationContext.java:210)
	at org.springframework.boot.web.servlet.context.ServletWebServerApplicationContext.createWebServer(ServletWebServerApplicationContext.java:182)
	at org.springframework.boot.web.servlet.context.ServletWebServerApplicationContext.onRefresh(ServletWebServerApplicationContext.java:162)
	... 8 common frames omitted
Caused by: java.lang.IllegalStateException: Failed to introspect Class [org.springframework.scheduling.quartz.SchedulerAccessor] from ClassLoader [jdk.internal.loader.ClassLoaders$AppClassLoader@251a69d7]
	at org.springframework.util.ReflectionUtils.getDeclaredMethods(ReflectionUtils.java:485)
	at org.springframework.util.ReflectionUtils.doWithLocalMethods(ReflectionUtils.java:321)
	at org.springframework.beans.factory.annotation.AutowiredAnnotationBeanPostProcessor.determineCandidateConstructors(AutowiredAnnotationBeanPostProcessor.java:267)
	... 19 common frames omitted
Caused by: java.lang.NoClassDefFoundError: org/springframework/transaction/PlatformTransactionManager
	at java.base/java.lang.Class.getDeclaredMethods0(Native Method)
	at java.base/java.lang.Class.privateGetDeclaredMethods(Class.java:3458)
	at java.base/java.lang.Class.getDeclaredMethods(Class.java:2557)
	at org.springframework.util.ReflectionUtils.getDeclaredMethods(ReflectionUtils.java:467)
	... 21 common frames omitted
Caused by: java.lang.ClassNotFoundException: org.springframework.transaction.PlatformTransactionManager
	at java.base/jdk.internal.loader.BuiltinClassLoader.loadClass(BuiltinClassLoader.java:641)
	at java.base/jdk.internal.loader.ClassLoaders$AppClassLoader.loadClass(ClassLoaders.java:188)
	at java.base/java.lang.ClassLoader.loadClass(ClassLoader.java:521)
	... 25 common frames omitted
2022-10-06 21:06:26,953 INFO org.springframework.boot.StartupInfoLogger [main] Starting MyprojectApplication using Java 19 on PHAMs-MacBook-Pro.local with PID 1472 (/Users/tuanpn/IdeaProjects/myproject/target/classes started by tuanpn in /Users/tuanpn/IdeaProjects/myproject)
2022-10-06 21:06:26,954 DEBUG org.springframework.boot.StartupInfoLogger [main] Running with Spring Boot v2.7.4, Spring v5.3.23
2022-10-06 21:06:26,955 INFO org.springframework.boot.SpringApplication [main] No active profile set, falling back to 1 default profile: "default"
2022-10-06 21:06:27,194 WARN org.springframework.context.support.AbstractApplicationContext [main] Exception encountered during context initialization - cancelling refresh attempt: org.springframework.context.ApplicationContextException: Unable to start web server; nested exception is org.springframework.beans.factory.BeanCreationException: Error creating bean with name 'org.springframework.scheduling.quartz.SchedulerFactoryBean#0': Lookup method resolution failed; nested exception is java.lang.IllegalStateException: Failed to introspect Class [org.springframework.scheduling.quartz.SchedulerAccessor] from ClassLoader [jdk.internal.loader.ClassLoaders$AppClassLoader@251a69d7]
2022-10-06 21:06:27,197 INFO org.springframework.boot.autoconfigure.logging.ConditionEvaluationReportLoggingListener [main] 

Error starting ApplicationContext. To display the conditions report re-run your application with 'debug' enabled.
2022-10-06 21:06:27,204 ERROR org.springframework.boot.SpringApplication [main] Application run failed
org.springframework.context.ApplicationContextException: Unable to start web server; nested exception is org.springframework.beans.factory.BeanCreationException: Error creating bean with name 'org.springframework.scheduling.quartz.SchedulerFactoryBean#0': Lookup method resolution failed; nested exception is java.lang.IllegalStateException: Failed to introspect Class [org.springframework.scheduling.quartz.SchedulerAccessor] from ClassLoader [jdk.internal.loader.ClassLoaders$AppClassLoader@251a69d7]
	at org.springframework.boot.web.servlet.context.ServletWebServerApplicationContext.onRefresh(ServletWebServerApplicationContext.java:165)
	at org.springframework.context.support.AbstractApplicationContext.refresh(AbstractApplicationContext.java:577)
	at org.springframework.boot.web.servlet.context.ServletWebServerApplicationContext.refresh(ServletWebServerApplicationContext.java:147)
	at org.springframework.boot.SpringApplication.refresh(SpringApplication.java:734)
	at org.springframework.boot.SpringApplication.refreshContext(SpringApplication.java:408)
	at org.springframework.boot.SpringApplication.run(SpringApplication.java:308)
	at org.springframework.boot.SpringApplication.run(SpringApplication.java:1306)
	at org.springframework.boot.SpringApplication.run(SpringApplication.java:1295)
	at vn.bigthomas.myproject.MyprojectApplication.main(MyprojectApplication.java:13)
Caused by: org.springframework.beans.factory.BeanCreationException: Error creating bean with name 'org.springframework.scheduling.quartz.SchedulerFactoryBean#0': Lookup method resolution failed; nested exception is java.lang.IllegalStateException: Failed to introspect Class [org.springframework.scheduling.quartz.SchedulerAccessor] from ClassLoader [jdk.internal.loader.ClassLoaders$AppClassLoader@251a69d7]
	at org.springframework.beans.factory.annotation.AutowiredAnnotationBeanPostProcessor.determineCandidateConstructors(AutowiredAnnotationBeanPostProcessor.java:289)
	at org.springframework.beans.factory.support.AbstractAutowireCapableBeanFactory.determineConstructorsFromBeanPostProcessors(AbstractAutowireCapableBeanFactory.java:1302)
	at org.springframework.beans.factory.support.AbstractAutowireCapableBeanFactory.createBeanInstance(AbstractAutowireCapableBeanFactory.java:1219)
	at org.springframework.beans.factory.support.AbstractAutowireCapableBeanFactory.getSingletonFactoryBeanForTypeCheck(AbstractAutowireCapableBeanFactory.java:1027)
	at org.springframework.beans.factory.support.AbstractAutowireCapableBeanFactory.getTypeForFactoryBean(AbstractAutowireCapableBeanFactory.java:907)
	at org.springframework.beans.factory.support.AbstractBeanFactory.isTypeMatch(AbstractBeanFactory.java:637)
	at org.springframework.beans.factory.support.DefaultListableBeanFactory.doGetBeanNamesForType(DefaultListableBeanFactory.java:583)
	at org.springframework.beans.factory.support.DefaultListableBeanFactory.getBeanNamesForType(DefaultListableBeanFactory.java:542)
	at org.springframework.beans.factory.support.DefaultListableBeanFactory.getBeanNamesForType(DefaultListableBeanFactory.java:536)
	at org.springframework.boot.web.servlet.context.ServletWebServerApplicationContext.getWebServerFactory(ServletWebServerApplicationContext.java:210)
	at org.springframework.boot.web.servlet.context.ServletWebServerApplicationContext.createWebServer(ServletWebServerApplicationContext.java:182)
	at org.springframework.boot.web.servlet.context.ServletWebServerApplicationContext.onRefresh(ServletWebServerApplicationContext.java:162)
	... 8 common frames omitted
Caused by: java.lang.IllegalStateException: Failed to introspect Class [org.springframework.scheduling.quartz.SchedulerAccessor] from ClassLoader [jdk.internal.loader.ClassLoaders$AppClassLoader@251a69d7]
	at org.springframework.util.ReflectionUtils.getDeclaredMethods(ReflectionUtils.java:485)
	at org.springframework.util.ReflectionUtils.doWithLocalMethods(ReflectionUtils.java:321)
	at org.springframework.beans.factory.annotation.AutowiredAnnotationBeanPostProcessor.determineCandidateConstructors(AutowiredAnnotationBeanPostProcessor.java:267)
	... 19 common frames omitted
Caused by: java.lang.NoClassDefFoundError: org/springframework/transaction/PlatformTransactionManager
	at java.base/java.lang.Class.getDeclaredMethods0(Native Method)
	at java.base/java.lang.Class.privateGetDeclaredMethods(Class.java:3458)
	at java.base/java.lang.Class.getDeclaredMethods(Class.java:2557)
	at org.springframework.util.ReflectionUtils.getDeclaredMethods(ReflectionUtils.java:467)
	... 21 common frames omitted
Caused by: java.lang.ClassNotFoundException: org.springframework.transaction.PlatformTransactionManager
	at java.base/jdk.internal.loader.BuiltinClassLoader.loadClass(BuiltinClassLoader.java:641)
	at java.base/jdk.internal.loader.ClassLoaders$AppClassLoader.loadClass(ClassLoaders.java:188)
	at java.base/java.lang.ClassLoader.loadClass(ClassLoader.java:521)
	... 25 common frames omitted
2022-10-06 21:09:00,151 INFO org.springframework.boot.StartupInfoLogger [main] Starting MyprojectApplication using Java 19 on PHAMs-MacBook-Pro.local with PID 1501 (/Users/tuanpn/IdeaProjects/myproject/target/classes started by tuanpn in /Users/tuanpn/IdeaProjects/myproject)
2022-10-06 21:09:00,152 DEBUG org.springframework.boot.StartupInfoLogger [main] Running with Spring Boot v2.7.4, Spring v5.3.23
2022-10-06 21:09:00,152 INFO org.springframework.boot.SpringApplication [main] No active profile set, falling back to 1 default profile: "default"
2022-10-06 21:09:00,471 INFO org.springframework.boot.web.embedded.tomcat.TomcatWebServer [main] Tomcat initialized with port(s): 8080 (http)
2022-10-06 21:09:00,474 INFO org.apache.juli.logging.DirectJDKLog [main] Initializing ProtocolHandler ["http-nio-8080"]
2022-10-06 21:09:00,475 INFO org.apache.juli.logging.DirectJDKLog [main] Starting service [Tomcat]
2022-10-06 21:09:00,475 INFO org.apache.juli.logging.DirectJDKLog [main] Starting Servlet engine: [Apache Tomcat/9.0.65]
2022-10-06 21:09:00,501 INFO org.apache.juli.logging.DirectJDKLog [main] Initializing Spring embedded WebApplicationContext
2022-10-06 21:09:00,501 INFO org.springframework.boot.web.servlet.context.ServletWebServerApplicationContext [main] Root WebApplicationContext: initialization completed in 333 ms
2022-10-06 21:09:00,529 WARN org.springframework.context.support.AbstractApplicationContext [main] Exception encountered during context initialization - cancelling refresh attempt: org.springframework.beans.factory.BeanCreationException: Error creating bean with name 'cronTrigger' defined in class path resource [spring-config.xml]: Invocation of init method failed; nested exception is java.text.ParseException: Month values must be between 1 and 12
2022-10-06 21:09:00,530 INFO org.apache.juli.logging.DirectJDKLog [main] Stopping service [Tomcat]
2022-10-06 21:09:00,537 INFO org.springframework.boot.autoconfigure.logging.ConditionEvaluationReportLoggingListener [main] 

Error starting ApplicationContext. To display the conditions report re-run your application with 'debug' enabled.
2022-10-06 21:09:00,544 ERROR org.springframework.boot.SpringApplication [main] Application run failed
org.springframework.beans.factory.BeanCreationException: Error creating bean with name 'cronTrigger' defined in class path resource [spring-config.xml]: Invocation of init method failed; nested exception is java.text.ParseException: Month values must be between 1 and 12
	at org.springframework.beans.factory.support.AbstractAutowireCapableBeanFactory.initializeBean(AbstractAutowireCapableBeanFactory.java:1804)
	at org.springframework.beans.factory.support.AbstractAutowireCapableBeanFactory.doCreateBean(AbstractAutowireCapableBeanFactory.java:620)
	at org.springframework.beans.factory.support.AbstractAutowireCapableBeanFactory.createBean(AbstractAutowireCapableBeanFactory.java:542)
	at org.springframework.beans.factory.support.AbstractBeanFactory.lambda$doGetBean$0(AbstractBeanFactory.java:335)
	at org.springframework.beans.factory.support.DefaultSingletonBeanRegistry.getSingleton(DefaultSingletonBeanRegistry.java:234)
	at org.springframework.beans.factory.support.AbstractBeanFactory.doGetBean(AbstractBeanFactory.java:333)
	at org.springframework.beans.factory.support.AbstractBeanFactory.getBean(AbstractBeanFactory.java:208)
	at org.springframework.beans.factory.support.DefaultListableBeanFactory.preInstantiateSingletons(DefaultListableBeanFactory.java:936)
	at org.springframework.context.support.AbstractApplicationContext.finishBeanFactoryInitialization(AbstractApplicationContext.java:918)
	at org.springframework.context.support.AbstractApplicationContext.refresh(AbstractApplicationContext.java:583)
	at org.springframework.boot.web.servlet.context.ServletWebServerApplicationContext.refresh(ServletWebServerApplicationContext.java:147)
	at org.springframework.boot.SpringApplication.refresh(SpringApplication.java:734)
	at org.springframework.boot.SpringApplication.refreshContext(SpringApplication.java:408)
	at org.springframework.boot.SpringApplication.run(SpringApplication.java:308)
	at org.springframework.boot.SpringApplication.run(SpringApplication.java:1306)
	at org.springframework.boot.SpringApplication.run(SpringApplication.java:1295)
	at vn.bigthomas.myproject.MyprojectApplication.main(MyprojectApplication.java:13)
Caused by: java.text.ParseException: Month values must be between 1 and 12
	at org.quartz.CronExpression.addToSet(CronExpression.java:990)
	at org.quartz.CronExpression.checkNext(CronExpression.java:724)
	at org.quartz.CronExpression.storeExpressionVals(CronExpression.java:693)
	at org.quartz.CronExpression.buildExpression(CronExpression.java:487)
	at org.quartz.CronExpression.<init>(CronExpression.java:276)
	at org.quartz.impl.triggers.CronTriggerImpl.setCronExpression(CronTriggerImpl.java:351)
	at org.springframework.scheduling.quartz.CronTriggerFactoryBean.afterPropertiesSet(CronTriggerFactoryBean.java:258)
	at org.springframework.beans.factory.support.AbstractAutowireCapableBeanFactory.invokeInitMethods(AbstractAutowireCapableBeanFactory.java:1863)
	at org.springframework.beans.factory.support.AbstractAutowireCapableBeanFactory.initializeBean(AbstractAutowireCapableBeanFactory.java:1800)
	... 16 common frames omitted
2022-10-06 21:11:24,460 INFO org.springframework.boot.StartupInfoLogger [main] Starting MyprojectApplication using Java 19 on PHAMs-MacBook-Pro.local with PID 1525 (/Users/tuanpn/IdeaProjects/myproject/target/classes started by tuanpn in /Users/tuanpn/IdeaProjects/myproject)
2022-10-06 21:11:24,461 DEBUG org.springframework.boot.StartupInfoLogger [main] Running with Spring Boot v2.7.4, Spring v5.3.23
2022-10-06 21:11:24,461 INFO org.springframework.boot.SpringApplication [main] No active profile set, falling back to 1 default profile: "default"
2022-10-06 21:11:24,787 INFO org.springframework.boot.web.embedded.tomcat.TomcatWebServer [main] Tomcat initialized with port(s): 8080 (http)
2022-10-06 21:11:24,790 INFO org.apache.juli.logging.DirectJDKLog [main] Initializing ProtocolHandler ["http-nio-8080"]
2022-10-06 21:11:24,791 INFO org.apache.juli.logging.DirectJDKLog [main] Starting service [Tomcat]
2022-10-06 21:11:24,791 INFO org.apache.juli.logging.DirectJDKLog [main] Starting Servlet engine: [Apache Tomcat/9.0.65]
2022-10-06 21:11:24,818 INFO org.apache.juli.logging.DirectJDKLog [main] Initializing Spring embedded WebApplicationContext
2022-10-06 21:11:24,818 INFO org.springframework.boot.web.servlet.context.ServletWebServerApplicationContext [main] Root WebApplicationContext: initialization completed in 341 ms
2022-10-06 21:11:24,852 INFO org.quartz.impl.StdSchedulerFactory [main] Using default implementation for ThreadExecutor
2022-10-06 21:11:24,856 INFO org.quartz.core.SchedulerSignalerImpl [main] Initialized Scheduler Signaller of type: class org.quartz.core.SchedulerSignalerImpl
2022-10-06 21:11:24,856 INFO org.quartz.core.QuartzScheduler [main] Quartz Scheduler v.2.3.2 created.
2022-10-06 21:11:24,856 INFO org.quartz.simpl.RAMJobStore [main] RAMJobStore initialized.
2022-10-06 21:11:24,856 INFO org.quartz.core.QuartzScheduler [main] Scheduler meta-data: Quartz Scheduler (v2.3.2) 'org.springframework.scheduling.quartz.SchedulerFactoryBean#0' with instanceId 'NON_CLUSTERED'
  Scheduler class: 'org.quartz.core.QuartzScheduler' - running locally.
  NOT STARTED.
  Currently in standby mode.
  Number of jobs executed: 0
  Using thread pool 'org.quartz.simpl.SimpleThreadPool' - with 10 threads.
  Using job-store 'org.quartz.simpl.RAMJobStore' - which does not support persistence. and is not clustered.

2022-10-06 21:11:24,856 INFO org.quartz.impl.StdSchedulerFactory [main] Quartz scheduler 'org.springframework.scheduling.quartz.SchedulerFactoryBean#0' initialized from an externally provided properties instance.
2022-10-06 21:11:24,856 INFO org.quartz.impl.StdSchedulerFactory [main] Quartz scheduler version: 2.3.2
2022-10-06 21:11:24,857 INFO org.quartz.core.QuartzScheduler [main] JobFactory set to: org.springframework.scheduling.quartz.AdaptableJobFactory@1716e8c5
2022-10-06 21:11:24,955 INFO org.apache.juli.logging.DirectJDKLog [main] Starting ProtocolHandler ["http-nio-8080"]
2022-10-06 21:11:24,960 INFO org.springframework.boot.web.embedded.tomcat.TomcatWebServer [main] Tomcat started on port(s): 8080 (http) with context path ''
2022-10-06 21:11:24,960 INFO org.springframework.scheduling.quartz.SchedulerFactoryBean [main] Starting Quartz Scheduler now
2022-10-06 21:11:24,961 INFO org.quartz.core.QuartzScheduler [main] Scheduler org.springframework.scheduling.quartz.SchedulerFactoryBean#0_$_NON_CLUSTERED started.
2022-10-06 21:11:24,965 INFO org.springframework.boot.StartupInfoLogger [main] Started MyprojectApplication in 0.628 seconds (JVM running for 5.892)
2022-10-06 21:17:14,507 INFO org.quartz.core.QuartzScheduler [SpringApplicationShutdownHook] Scheduler org.springframework.scheduling.quartz.SchedulerFactoryBean#0_$_NON_CLUSTERED paused.
2022-10-06 21:17:14,534 INFO org.springframework.scheduling.quartz.SchedulerFactoryBean [SpringApplicationShutdownHook] Shutting down Quartz Scheduler
2022-10-06 21:17:14,534 INFO org.quartz.core.QuartzScheduler [SpringApplicationShutdownHook] Scheduler org.springframework.scheduling.quartz.SchedulerFactoryBean#0_$_NON_CLUSTERED shutting down.
2022-10-06 21:17:14,534 INFO org.quartz.core.QuartzScheduler [SpringApplicationShutdownHook] Scheduler org.springframework.scheduling.quartz.SchedulerFactoryBean#0_$_NON_CLUSTERED paused.
2022-10-06 21:17:14,534 INFO org.quartz.core.QuartzScheduler [SpringApplicationShutdownHook] Scheduler org.springframework.scheduling.quartz.SchedulerFactoryBean#0_$_NON_CLUSTERED shutdown complete.
2022-10-06 21:17:33,390 INFO org.springframework.boot.StartupInfoLogger [main] Starting MyprojectApplication using Java 19 on PHAMs-MacBook-Pro.local with PID 1554 (/Users/tuanpn/IdeaProjects/myproject/target/classes started by tuanpn in /Users/tuanpn/IdeaProjects/myproject)
2022-10-06 21:17:33,391 DEBUG org.springframework.boot.StartupInfoLogger [main] Running with Spring Boot v2.7.4, Spring v5.3.23
2022-10-06 21:17:33,391 INFO org.springframework.boot.SpringApplication [main] No active profile set, falling back to 1 default profile: "default"
2022-10-06 21:17:33,716 INFO org.springframework.boot.web.embedded.tomcat.TomcatWebServer [main] Tomcat initialized with port(s): 8080 (http)
2022-10-06 21:17:33,719 INFO org.apache.juli.logging.DirectJDKLog [main] Initializing ProtocolHandler ["http-nio-8080"]
2022-10-06 21:17:33,719 INFO org.apache.juli.logging.DirectJDKLog [main] Starting service [Tomcat]
2022-10-06 21:17:33,719 INFO org.apache.juli.logging.DirectJDKLog [main] Starting Servlet engine: [Apache Tomcat/9.0.65]
2022-10-06 21:17:33,747 INFO org.apache.juli.logging.DirectJDKLog [main] Initializing Spring embedded WebApplicationContext
2022-10-06 21:17:33,747 INFO org.springframework.boot.web.servlet.context.ServletWebServerApplicationContext [main] Root WebApplicationContext: initialization completed in 340 ms
2022-10-06 21:17:33,785 INFO org.quartz.impl.StdSchedulerFactory [main] Using default implementation for ThreadExecutor
2022-10-06 21:17:33,789 INFO org.quartz.core.SchedulerSignalerImpl [main] Initialized Scheduler Signaller of type: class org.quartz.core.SchedulerSignalerImpl
2022-10-06 21:17:33,789 INFO org.quartz.core.QuartzScheduler [main] Quartz Scheduler v.2.3.2 created.
2022-10-06 21:17:33,789 INFO org.quartz.simpl.RAMJobStore [main] RAMJobStore initialized.
2022-10-06 21:17:33,789 INFO org.quartz.core.QuartzScheduler [main] Scheduler meta-data: Quartz Scheduler (v2.3.2) 'org.springframework.scheduling.quartz.SchedulerFactoryBean#0' with instanceId 'NON_CLUSTERED'
  Scheduler class: 'org.quartz.core.QuartzScheduler' - running locally.
  NOT STARTED.
  Currently in standby mode.
  Number of jobs executed: 0
  Using thread pool 'org.quartz.simpl.SimpleThreadPool' - with 10 threads.
  Using job-store 'org.quartz.simpl.RAMJobStore' - which does not support persistence. and is not clustered.

2022-10-06 21:17:33,790 INFO org.quartz.impl.StdSchedulerFactory [main] Quartz scheduler 'org.springframework.scheduling.quartz.SchedulerFactoryBean#0' initialized from an externally provided properties instance.
2022-10-06 21:17:33,790 INFO org.quartz.impl.StdSchedulerFactory [main] Quartz scheduler version: 2.3.2
2022-10-06 21:17:33,790 INFO org.quartz.core.QuartzScheduler [main] JobFactory set to: org.springframework.scheduling.quartz.AdaptableJobFactory@709ed6f3
2022-10-06 21:17:33,886 INFO org.apache.juli.logging.DirectJDKLog [main] Starting ProtocolHandler ["http-nio-8080"]
2022-10-06 21:17:33,891 INFO org.springframework.boot.web.embedded.tomcat.TomcatWebServer [main] Tomcat started on port(s): 8080 (http) with context path ''
2022-10-06 21:17:33,892 INFO org.springframework.scheduling.quartz.SchedulerFactoryBean [main] Starting Quartz Scheduler now
2022-10-06 21:17:33,892 INFO org.quartz.core.QuartzScheduler [main] Scheduler org.springframework.scheduling.quartz.SchedulerFactoryBean#0_$_NON_CLUSTERED started.
2022-10-06 21:17:33,896 INFO org.springframework.boot.StartupInfoLogger [main] Started MyprojectApplication in 0.629 seconds (JVM running for 5.899)
2022-10-06 21:17:52,881 INFO org.quartz.core.QuartzScheduler [SpringApplicationShutdownHook] Scheduler org.springframework.scheduling.quartz.SchedulerFactoryBean#0_$_NON_CLUSTERED paused.
2022-10-06 21:17:52,895 INFO org.springframework.scheduling.quartz.SchedulerFactoryBean [SpringApplicationShutdownHook] Shutting down Quartz Scheduler
2022-10-06 21:17:52,895 INFO org.quartz.core.QuartzScheduler [SpringApplicationShutdownHook] Scheduler org.springframework.scheduling.quartz.SchedulerFactoryBean#0_$_NON_CLUSTERED shutting down.
2022-10-06 21:17:52,895 INFO org.quartz.core.QuartzScheduler [SpringApplicationShutdownHook] Scheduler org.springframework.scheduling.quartz.SchedulerFactoryBean#0_$_NON_CLUSTERED paused.
2022-10-06 21:17:52,895 INFO org.quartz.core.QuartzScheduler [SpringApplicationShutdownHook] Scheduler org.springframework.scheduling.quartz.SchedulerFactoryBean#0_$_NON_CLUSTERED shutdown complete.
2022-10-06 21:18:10,886 INFO org.springframework.boot.StartupInfoLogger [main] Starting MyprojectApplication using Java 19 on PHAMs-MacBook-Pro.local with PID 1561 (/Users/tuanpn/IdeaProjects/myproject/target/classes started by tuanpn in /Users/tuanpn/IdeaProjects/myproject)
2022-10-06 21:18:10,887 DEBUG org.springframework.boot.StartupInfoLogger [main] Running with Spring Boot v2.7.4, Spring v5.3.23
2022-10-06 21:18:10,887 INFO org.springframework.boot.SpringApplication [main] No active profile set, falling back to 1 default profile: "default"
2022-10-06 21:18:11,217 INFO org.springframework.boot.web.embedded.tomcat.TomcatWebServer [main] Tomcat initialized with port(s): 8080 (http)
2022-10-06 21:18:11,221 INFO org.apache.juli.logging.DirectJDKLog [main] Initializing ProtocolHandler ["http-nio-8080"]
2022-10-06 21:18:11,221 INFO org.apache.juli.logging.DirectJDKLog [main] Starting service [Tomcat]
2022-10-06 21:18:11,222 INFO org.apache.juli.logging.DirectJDKLog [main] Starting Servlet engine: [Apache Tomcat/9.0.65]
2022-10-06 21:18:11,249 INFO org.apache.juli.logging.DirectJDKLog [main] Initializing Spring embedded WebApplicationContext
2022-10-06 21:18:11,249 INFO org.springframework.boot.web.servlet.context.ServletWebServerApplicationContext [main] Root WebApplicationContext: initialization completed in 344 ms
2022-10-06 21:18:11,287 INFO org.quartz.impl.StdSchedulerFactory [main] Using default implementation for ThreadExecutor
2022-10-06 21:18:11,291 INFO org.quartz.core.SchedulerSignalerImpl [main] Initialized Scheduler Signaller of type: class org.quartz.core.SchedulerSignalerImpl
2022-10-06 21:18:11,291 INFO org.quartz.core.QuartzScheduler [main] Quartz Scheduler v.2.3.2 created.
2022-10-06 21:18:11,291 INFO org.quartz.simpl.RAMJobStore [main] RAMJobStore initialized.
2022-10-06 21:18:11,292 INFO org.quartz.core.QuartzScheduler [main] Scheduler meta-data: Quartz Scheduler (v2.3.2) 'org.springframework.scheduling.quartz.SchedulerFactoryBean#0' with instanceId 'NON_CLUSTERED'
  Scheduler class: 'org.quartz.core.QuartzScheduler' - running locally.
  NOT STARTED.
  Currently in standby mode.
  Number of jobs executed: 0
  Using thread pool 'org.quartz.simpl.SimpleThreadPool' - with 10 threads.
  Using job-store 'org.quartz.simpl.RAMJobStore' - which does not support persistence. and is not clustered.

2022-10-06 21:18:11,292 INFO org.quartz.impl.StdSchedulerFactory [main] Quartz scheduler 'org.springframework.scheduling.quartz.SchedulerFactoryBean#0' initialized from an externally provided properties instance.
2022-10-06 21:18:11,292 INFO org.quartz.impl.StdSchedulerFactory [main] Quartz scheduler version: 2.3.2
2022-10-06 21:18:11,292 INFO org.quartz.core.QuartzScheduler [main] JobFactory set to: org.springframework.scheduling.quartz.AdaptableJobFactory@15b642b9
2022-10-06 21:18:11,390 INFO org.apache.juli.logging.DirectJDKLog [main] Starting ProtocolHandler ["http-nio-8080"]
2022-10-06 21:18:11,395 INFO org.springframework.boot.web.embedded.tomcat.TomcatWebServer [main] Tomcat started on port(s): 8080 (http) with context path ''
2022-10-06 21:18:11,396 INFO org.springframework.scheduling.quartz.SchedulerFactoryBean [main] Starting Quartz Scheduler now
2022-10-06 21:18:11,396 INFO org.quartz.core.QuartzScheduler [main] Scheduler org.springframework.scheduling.quartz.SchedulerFactoryBean#0_$_NON_CLUSTERED started.
2022-10-06 21:18:11,400 INFO org.springframework.boot.StartupInfoLogger [main] Started MyprojectApplication in 0.64 seconds (JVM running for 5.89)
2022-10-06 21:19:44,225 INFO org.quartz.core.QuartzScheduler [SpringApplicationShutdownHook] Scheduler org.springframework.scheduling.quartz.SchedulerFactoryBean#0_$_NON_CLUSTERED paused.
2022-10-06 21:19:44,251 INFO org.springframework.scheduling.quartz.SchedulerFactoryBean [SpringApplicationShutdownHook] Shutting down Quartz Scheduler
2022-10-06 21:19:44,251 INFO org.quartz.core.QuartzScheduler [SpringApplicationShutdownHook] Scheduler org.springframework.scheduling.quartz.SchedulerFactoryBean#0_$_NON_CLUSTERED shutting down.
2022-10-06 21:19:44,251 INFO org.quartz.core.QuartzScheduler [SpringApplicationShutdownHook] Scheduler org.springframework.scheduling.quartz.SchedulerFactoryBean#0_$_NON_CLUSTERED paused.
2022-10-06 21:19:44,251 INFO org.quartz.core.QuartzScheduler [SpringApplicationShutdownHook] Scheduler org.springframework.scheduling.quartz.SchedulerFactoryBean#0_$_NON_CLUSTERED shutdown complete.
2022-10-06 21:21:16,831 INFO org.springframework.boot.StartupInfoLogger [main] Starting MyprojectApplication using Java 19 on PHAMs-MacBook-Pro.local with PID 1576 (/Users/tuanpn/IdeaProjects/myproject/target/classes started by tuanpn in /Users/tuanpn/IdeaProjects/myproject)
2022-10-06 21:21:16,832 DEBUG org.springframework.boot.StartupInfoLogger [main] Running with Spring Boot v2.7.4, Spring v5.3.23
2022-10-06 21:21:16,832 INFO org.springframework.boot.SpringApplication [main] No active profile set, falling back to 1 default profile: "default"
2022-10-06 21:21:17,184 INFO org.springframework.boot.web.embedded.tomcat.TomcatWebServer [main] Tomcat initialized with port(s): 8080 (http)
2022-10-06 21:21:17,187 INFO org.apache.juli.logging.DirectJDKLog [main] Initializing ProtocolHandler ["http-nio-8080"]
2022-10-06 21:21:17,188 INFO org.apache.juli.logging.DirectJDKLog [main] Starting service [Tomcat]
2022-10-06 21:21:17,188 INFO org.apache.juli.logging.DirectJDKLog [main] Starting Servlet engine: [Apache Tomcat/9.0.65]
2022-10-06 21:21:17,217 INFO org.apache.juli.logging.DirectJDKLog [main] Initializing Spring embedded WebApplicationContext
2022-10-06 21:21:17,218 INFO org.springframework.boot.web.servlet.context.ServletWebServerApplicationContext [main] Root WebApplicationContext: initialization completed in 364 ms
2022-10-06 21:21:17,257 INFO org.quartz.impl.StdSchedulerFactory [main] Using default implementation for ThreadExecutor
2022-10-06 21:21:17,262 INFO org.quartz.core.SchedulerSignalerImpl [main] Initialized Scheduler Signaller of type: class org.quartz.core.SchedulerSignalerImpl
2022-10-06 21:21:17,262 INFO org.quartz.core.QuartzScheduler [main] Quartz Scheduler v.2.3.2 created.
2022-10-06 21:21:17,262 INFO org.quartz.simpl.RAMJobStore [main] RAMJobStore initialized.
2022-10-06 21:21:17,262 INFO org.quartz.core.QuartzScheduler [main] Scheduler meta-data: Quartz Scheduler (v2.3.2) 'org.springframework.scheduling.quartz.SchedulerFactoryBean#0' with instanceId 'NON_CLUSTERED'
  Scheduler class: 'org.quartz.core.QuartzScheduler' - running locally.
  NOT STARTED.
  Currently in standby mode.
  Number of jobs executed: 0
  Using thread pool 'org.quartz.simpl.SimpleThreadPool' - with 10 threads.
  Using job-store 'org.quartz.simpl.RAMJobStore' - which does not support persistence. and is not clustered.

2022-10-06 21:21:17,262 INFO org.quartz.impl.StdSchedulerFactory [main] Quartz scheduler 'org.springframework.scheduling.quartz.SchedulerFactoryBean#0' initialized from an externally provided properties instance.
2022-10-06 21:21:17,262 INFO org.quartz.impl.StdSchedulerFactory [main] Quartz scheduler version: 2.3.2
2022-10-06 21:21:17,267 INFO org.quartz.core.QuartzScheduler [main] JobFactory set to: org.springframework.scheduling.quartz.AdaptableJobFactory@4996c99
2022-10-06 21:21:17,371 INFO org.apache.juli.logging.DirectJDKLog [main] Starting ProtocolHandler ["http-nio-8080"]
2022-10-06 21:21:17,377 INFO org.springframework.boot.web.embedded.tomcat.TomcatWebServer [main] Tomcat started on port(s): 8080 (http) with context path ''
2022-10-06 21:21:17,378 INFO org.springframework.scheduling.quartz.SchedulerFactoryBean [main] Starting Quartz Scheduler now
2022-10-06 21:21:17,378 INFO org.quartz.core.QuartzScheduler [main] Scheduler org.springframework.scheduling.quartz.SchedulerFactoryBean#0_$_NON_CLUSTERED started.
2022-10-06 21:21:17,383 INFO org.springframework.boot.StartupInfoLogger [main] Started MyprojectApplication in 0.687 seconds (JVM running for 6.351)
2022-10-06 21:21:45,676 INFO org.quartz.core.QuartzScheduler [SpringApplicationShutdownHook] Scheduler org.springframework.scheduling.quartz.SchedulerFactoryBean#0_$_NON_CLUSTERED paused.
2022-10-06 21:21:45,701 INFO org.springframework.scheduling.quartz.SchedulerFactoryBean [SpringApplicationShutdownHook] Shutting down Quartz Scheduler
2022-10-06 21:21:45,702 INFO org.quartz.core.QuartzScheduler [SpringApplicationShutdownHook] Scheduler org.springframework.scheduling.quartz.SchedulerFactoryBean#0_$_NON_CLUSTERED shutting down.
2022-10-06 21:21:45,702 INFO org.quartz.core.QuartzScheduler [SpringApplicationShutdownHook] Scheduler org.springframework.scheduling.quartz.SchedulerFactoryBean#0_$_NON_CLUSTERED paused.
2022-10-06 21:21:45,702 INFO org.quartz.core.QuartzScheduler [SpringApplicationShutdownHook] Scheduler org.springframework.scheduling.quartz.SchedulerFactoryBean#0_$_NON_CLUSTERED shutdown complete.
2022-10-06 21:21:58,341 INFO org.springframework.boot.StartupInfoLogger [main] Starting MyprojectApplication using Java 19 on PHAMs-MacBook-Pro.local with PID 1585 (/Users/tuanpn/IdeaProjects/myproject/target/classes started by tuanpn in /Users/tuanpn/IdeaProjects/myproject)
2022-10-06 21:21:58,342 DEBUG org.springframework.boot.StartupInfoLogger [main] Running with Spring Boot v2.7.4, Spring v5.3.23
2022-10-06 21:21:58,343 INFO org.springframework.boot.SpringApplication [main] No active profile set, falling back to 1 default profile: "default"
2022-10-06 21:21:58,694 INFO org.springframework.boot.web.embedded.tomcat.TomcatWebServer [main] Tomcat initialized with port(s): 8080 (http)
2022-10-06 21:21:58,697 INFO org.apache.juli.logging.DirectJDKLog [main] Initializing ProtocolHandler ["http-nio-8080"]
2022-10-06 21:21:58,698 INFO org.apache.juli.logging.DirectJDKLog [main] Starting service [Tomcat]
2022-10-06 21:21:58,698 INFO org.apache.juli.logging.DirectJDKLog [main] Starting Servlet engine: [Apache Tomcat/9.0.65]
2022-10-06 21:21:58,727 INFO org.apache.juli.logging.DirectJDKLog [main] Initializing Spring embedded WebApplicationContext
2022-10-06 21:21:58,727 INFO org.springframework.boot.web.servlet.context.ServletWebServerApplicationContext [main] Root WebApplicationContext: initialization completed in 363 ms
2022-10-06 21:21:58,772 INFO org.quartz.impl.StdSchedulerFactory [main] Using default implementation for ThreadExecutor
2022-10-06 21:21:58,776 INFO org.quartz.core.SchedulerSignalerImpl [main] Initialized Scheduler Signaller of type: class org.quartz.core.SchedulerSignalerImpl
2022-10-06 21:21:58,777 INFO org.quartz.core.QuartzScheduler [main] Quartz Scheduler v.2.3.2 created.
2022-10-06 21:21:58,777 INFO org.quartz.simpl.RAMJobStore [main] RAMJobStore initialized.
2022-10-06 21:21:58,777 INFO org.quartz.core.QuartzScheduler [main] Scheduler meta-data: Quartz Scheduler (v2.3.2) 'org.springframework.scheduling.quartz.SchedulerFactoryBean#0' with instanceId 'NON_CLUSTERED'
  Scheduler class: 'org.quartz.core.QuartzScheduler' - running locally.
  NOT STARTED.
  Currently in standby mode.
  Number of jobs executed: 0
  Using thread pool 'org.quartz.simpl.SimpleThreadPool' - with 10 threads.
  Using job-store 'org.quartz.simpl.RAMJobStore' - which does not support persistence. and is not clustered.

2022-10-06 21:21:58,777 INFO org.quartz.impl.StdSchedulerFactory [main] Quartz scheduler 'org.springframework.scheduling.quartz.SchedulerFactoryBean#0' initialized from an externally provided properties instance.
2022-10-06 21:21:58,777 INFO org.quartz.impl.StdSchedulerFactory [main] Quartz scheduler version: 2.3.2
2022-10-06 21:21:58,778 INFO org.quartz.core.QuartzScheduler [main] JobFactory set to: org.springframework.scheduling.quartz.AdaptableJobFactory@3a66e67e
2022-10-06 21:21:58,870 INFO org.apache.juli.logging.DirectJDKLog [main] Starting ProtocolHandler ["http-nio-8080"]
2022-10-06 21:21:58,875 INFO org.springframework.boot.web.embedded.tomcat.TomcatWebServer [main] Tomcat started on port(s): 8080 (http) with context path ''
2022-10-06 21:21:58,876 INFO org.springframework.scheduling.quartz.SchedulerFactoryBean [main] Starting Quartz Scheduler now
2022-10-06 21:21:58,876 INFO org.quartz.core.QuartzScheduler [main] Scheduler org.springframework.scheduling.quartz.SchedulerFactoryBean#0_$_NON_CLUSTERED started.
2022-10-06 21:21:58,881 INFO org.springframework.boot.StartupInfoLogger [main] Started MyprojectApplication in 0.676 seconds (JVM running for 6.069)
2022-10-06 21:23:04,811 INFO org.quartz.core.QuartzScheduler [SpringApplicationShutdownHook] Scheduler org.springframework.scheduling.quartz.SchedulerFactoryBean#0_$_NON_CLUSTERED paused.
2022-10-06 21:23:04,836 INFO org.springframework.scheduling.quartz.SchedulerFactoryBean [SpringApplicationShutdownHook] Shutting down Quartz Scheduler
2022-10-06 21:23:04,836 INFO org.quartz.core.QuartzScheduler [SpringApplicationShutdownHook] Scheduler org.springframework.scheduling.quartz.SchedulerFactoryBean#0_$_NON_CLUSTERED shutting down.
2022-10-06 21:23:04,836 INFO org.quartz.core.QuartzScheduler [SpringApplicationShutdownHook] Scheduler org.springframework.scheduling.quartz.SchedulerFactoryBean#0_$_NON_CLUSTERED paused.
2022-10-06 21:23:04,836 INFO org.quartz.core.QuartzScheduler [SpringApplicationShutdownHook] Scheduler org.springframework.scheduling.quartz.SchedulerFactoryBean#0_$_NON_CLUSTERED shutdown complete.
